2015-01-17 08:31:18
-------------------
(sandbox transaction) --> https://api.sandbox.paypal.com/nvp
Request Headers: 
Array
(
    [0] => Content-Type: text/namevalue
    [1] => X-VPS-Timeout: 45
    [2] => X-VPS-VIT-Client-Type: PHP/cURL
    [3] => X-VPS-VIT-Integration-Product: PHP::Zen Cart(tm) - PayPal/NVP
    [4] => X-VPS-VIT-Integration-Version: 1.3.9e
)


Request Parameters: {SetExpressCheckout} 
Array
(
    [AMT] => 171.50
    [ITEMAMT] => 154.50
    [SHIPPINGAMT] => 17.00
    [L_NUMBER0] => 
    [L_NAME0] => 12mm Pixel/RGB Mounting Strips
    [L_DESC0] =>  Color: Black
    [L_AMT0] => 1.50
    [L_QTY0] => 103
    [LOCALECODE] => US
    [PAYMENTACTION] => Sale
    [ALLOWNOTE] => 1
    [LANDINGPAGE] => Billing
    [EMAIL] => joshualowe@gmail.com
    [PHONENUM] => 3183494914
    [RETURNURL] => http://boscoyostudio.com/products/ipn_main_handler.php?type=ec
    [CANCELURL] => http://boscoyostudio.com/products/index.php?main_page=checkout_shipping&ec_cancel=1
    [PAGESTYLE] => Primary
    [METHOD] => SetExpressCheckout
    [CURRENCYCODE] => USD
    [USER] => admin
    [PWD] => ********
    [VERSION] => 60.0
)


Response: 
Array
(
    [] => 
    [CURL_ERRORS] => (35) error:14094410:SSL routines:SSL3_READ_BYTES:sslv3 alert handshake failure
)

(35) error:14094410:SSL routines:SSL3_READ_BYTES:sslv3 alert handshake failure
Array
(
    [url] => https://api.sandbox.paypal.com/nvp
    [content_type] => 
    [http_code] => 0
    [header_size] => 0
    [request_size] => 0
    [filetime] => -1
    [ssl_verify_result] => 0
    [redirect_count] => 0
    [total_time] => 0.11
    [namelookup_time] => 0.047
    [connect_time] => 0.11
    [pretransfer_time] => 0
    [size_upload] => 0
    [size_download] => 0
    [speed_download] => 0
    [speed_upload] => 0
    [download_content_length] => -1
    [upload_content_length] => -1
    [starttransfer_time] => 0
    [redirect_time] => 0
    [certinfo] => Array
        (
        )

    [redirect_url] => 
)


SetExpressCheckout, Elapsed: 1289ms -- Failed
(35) error:14094410:SSL routines:SSL3_READ_BYTES:sslv3 alert handshake failure
Array
(
    [url] => https://api.sandbox.paypal.com/nvp
    [content_type] => 
    [http_code] => 0
    [header_size] => 0
    [request_size] => 0
    [filetime] => -1
    [ssl_verify_result] => 0
    [redirect_count] => 0
    [total_time] => 0.11
    [namelookup_time] => 0.047
    [connect_time] => 0.11
    [pretransfer_time] => 0
    [size_upload] => 0
    [size_download] => 0
    [speed_download] => 0
    [speed_upload] => 0
    [download_content_length] => -1
    [upload_content_length] => -1
    [starttransfer_time] => 0
    [redirect_time] => 0
    [certinfo] => Array
        (
        )

    [redirect_url] => 
)


