[07-Jan-2019 01:56:23 UTC] Request URI: /index.php?main_page=product_info&cPath=2_31&products_id=160, IP address: 47.200.215.117
#1  trigger_error() called at [/home/newboscoyostudio/public_html/includes/classes/db/mysql/query_factory.php:167]
#2  queryFactory->show_error() called at [/home/newboscoyostudio/public_html/includes/classes/db/mysql/query_factory.php:139]
#3  queryFactory->set_error() called at [/home/newboscoyostudio/public_html/includes/classes/db/mysql/query_factory.php:266]
#4  queryFactory->Execute() called at [/home/newboscoyostudio/public_html/includes/modules/pages/product_info/main_template_vars.php:57]
#5  require(/home/newboscoyostudio/public_html/includes/modules/pages/product_info/main_template_vars.php) called at [/home/newboscoyostudio/public_html/includes/templates/theme866/common/tpl_main_page.php:158]
#6  require(/home/newboscoyostudio/public_html/includes/templates/theme866/common/tpl_main_page.php) called at [/home/newboscoyostudio/public_html/index.php:101]

[07-Jan-2019 01:56:23 UTC] PHP Fatal error:  1054:Unknown column 'p.products_youtube' in 'field list' :: select p.products_id, pd.products_name,
                  pd.products_description, p.products_model,
                  p.products_quantity, p.products_image, p.products_youtube, 
                  pd.products_url, p.products_price,
                  p.products_tax_class_id, p.products_date_added,
                  p.products_date_available, p.manufacturers_id, p.products_quantity,
                  p.products_weight, p.products_priced_by_attribute, p.product_is_free,
                  p.products_qty_box_status,
                  p.products_quantity_order_max,
                  p.products_discount_type, p.products_discount_type_from, p.products_sort_order, p.products_price_sorter
           from   zen_products p, zen_products_description pd
           where  p.products_status = '1'
           and    p.products_id = '160'
           and    pd.products_id = p.products_id
           and    pd.language_id = '1' ==> (as called by) /home/newboscoyostudio/public_html/includes/modules/pages/product_info/main_template_vars.php on line 57 <== in /home/newboscoyostudio/public_html/includes/classes/db/mysql/query_factory.php on line 167
