[15-Aug-2018 02:11:05 UTC] Request URI: /index.php?main_page=advanced_search_result&search_in_description=1&keyword=bushing&x=0&y=0, IP address: 68.225.100.167
#1  navigationHistory->add_current_page() called at [/home/boscoyostudio/public_html/includes/autoload_func.php:87]
#2  require(/home/boscoyostudio/public_html/includes/autoload_func.php) called at [/home/boscoyostudio/public_html/includes/application_top.php:170]
#3  require(/home/boscoyostudio/public_html/includes/application_top.php) called at [/home/boscoyostudio/public_html/index.php:26]

[15-Aug-2018 02:11:05 UTC] PHP Warning:  Illegal string offset 'search_in_description' in /home/boscoyostudio/public_html/includes/classes/navigation_history.php on line 43
[15-Aug-2018 02:11:05 UTC] Request URI: /index.php?main_page=advanced_search_result&search_in_description=1&keyword=bushing&x=0&y=0, IP address: 68.225.100.167
#1  navigationHistory->add_current_page() called at [/home/boscoyostudio/public_html/includes/autoload_func.php:87]
#2  require(/home/boscoyostudio/public_html/includes/autoload_func.php) called at [/home/boscoyostudio/public_html/includes/application_top.php:170]
#3  require(/home/boscoyostudio/public_html/includes/application_top.php) called at [/home/boscoyostudio/public_html/index.php:26]

[15-Aug-2018 02:11:05 UTC] PHP Warning:  Illegal string offset 'keyword' in /home/boscoyostudio/public_html/includes/classes/navigation_history.php on line 43
[15-Aug-2018 02:11:05 UTC] Request URI: /index.php?main_page=advanced_search_result&search_in_description=1&keyword=bushing&x=0&y=0, IP address: 68.225.100.167
#1  navigationHistory->add_current_page() called at [/home/boscoyostudio/public_html/includes/autoload_func.php:87]
#2  require(/home/boscoyostudio/public_html/includes/autoload_func.php) called at [/home/boscoyostudio/public_html/includes/application_top.php:170]
#3  require(/home/boscoyostudio/public_html/includes/application_top.php) called at [/home/boscoyostudio/public_html/index.php:26]

[15-Aug-2018 02:11:05 UTC] PHP Warning:  Illegal string offset 'x' in /home/boscoyostudio/public_html/includes/classes/navigation_history.php on line 43
[15-Aug-2018 02:11:05 UTC] Request URI: /index.php?main_page=advanced_search_result&search_in_description=1&keyword=bushing&x=0&y=0, IP address: 68.225.100.167
#1  navigationHistory->add_current_page() called at [/home/boscoyostudio/public_html/includes/autoload_func.php:87]
#2  require(/home/boscoyostudio/public_html/includes/autoload_func.php) called at [/home/boscoyostudio/public_html/includes/application_top.php:170]
#3  require(/home/boscoyostudio/public_html/includes/application_top.php) called at [/home/boscoyostudio/public_html/index.php:26]

[15-Aug-2018 02:11:05 UTC] PHP Warning:  Illegal string offset 'y' in /home/boscoyostudio/public_html/includes/classes/navigation_history.php on line 43
[15-Aug-2018 02:11:05 UTC] Request URI: /index.php?main_page=advanced_search_result&search_in_description=1&keyword=bushing&x=0&y=0, IP address: 68.225.100.167
#1  require(/home/boscoyostudio/public_html/includes/init_includes/init_header.php) called at [/home/boscoyostudio/public_html/includes/autoload_func.php:48]
#2  require(/home/boscoyostudio/public_html/includes/autoload_func.php) called at [/home/boscoyostudio/public_html/includes/application_top.php:170]
#3  require(/home/boscoyostudio/public_html/includes/application_top.php) called at [/home/boscoyostudio/public_html/index.php:26]

[15-Aug-2018 02:11:05 UTC] PHP Warning:  Use of undefined constant MODULE_PAYMENT_PAYPAL_TESTING - assumed 'MODULE_PAYMENT_PAYPAL_TESTING' (this will throw an Error in a future version of PHP) in /home/boscoyostudio/public_html/includes/init_includes/init_header.php on line 27
