[23-Aug-2018 15:09:42 UTC] Request URI: /index.php?main_page=product_info&cPath=2_48&products_id=133, IP address: 47.200.209.221
#1  navigationHistory->add_current_page() called at [/home/boscoyostudio/public_html/includes/autoload_func.php:87]
#2  require(/home/boscoyostudio/public_html/includes/autoload_func.php) called at [/home/boscoyostudio/public_html/includes/application_top.php:170]
#3  require(/home/boscoyostudio/public_html/includes/application_top.php) called at [/home/boscoyostudio/public_html/index.php:26]

[23-Aug-2018 15:09:42 UTC] PHP Warning:  Illegal string offset 'cPath' in /home/boscoyostudio/public_html/includes/classes/navigation_history.php on line 43
[23-Aug-2018 15:09:42 UTC] Request URI: /index.php?main_page=product_info&cPath=2_48&products_id=133, IP address: 47.200.209.221
#1  navigationHistory->add_current_page() called at [/home/boscoyostudio/public_html/includes/autoload_func.php:87]
#2  require(/home/boscoyostudio/public_html/includes/autoload_func.php) called at [/home/boscoyostudio/public_html/includes/application_top.php:170]
#3  require(/home/boscoyostudio/public_html/includes/application_top.php) called at [/home/boscoyostudio/public_html/index.php:26]

[23-Aug-2018 15:09:42 UTC] PHP Warning:  Illegal string offset 'products_id' in /home/boscoyostudio/public_html/includes/classes/navigation_history.php on line 43
[23-Aug-2018 15:09:42 UTC] Request URI: /index.php?main_page=product_info&cPath=2_48&products_id=133, IP address: 47.200.209.221
#1  require(/home/boscoyostudio/public_html/includes/init_includes/init_header.php) called at [/home/boscoyostudio/public_html/includes/autoload_func.php:48]
#2  require(/home/boscoyostudio/public_html/includes/autoload_func.php) called at [/home/boscoyostudio/public_html/includes/application_top.php:170]
#3  require(/home/boscoyostudio/public_html/includes/application_top.php) called at [/home/boscoyostudio/public_html/index.php:26]

[23-Aug-2018 15:09:42 UTC] PHP Warning:  Use of undefined constant MODULE_PAYMENT_PAYPAL_TESTING - assumed 'MODULE_PAYMENT_PAYPAL_TESTING' (this will throw an Error in a future version of PHP) in /home/boscoyostudio/public_html/includes/init_includes/init_header.php on line 27
[23-Aug-2018 15:09:42 UTC] Request URI: /index.php?main_page=product_info&cPath=2_48&products_id=133, IP address: 47.200.209.221
#1  zen_get_attributes_price_factor() called at [/home/boscoyostudio/public_html/includes/functions/functions_prices.php:1094]
#2  zen_get_attributes_price_final() called at [/home/boscoyostudio/public_html/includes/modules/attributes.php:125]
#3  require(/home/boscoyostudio/public_html/includes/modules/attributes.php) called at [/home/boscoyostudio/public_html/includes/modules/pages/product_info/main_template_vars.php:76]
#4  require(/home/boscoyostudio/public_html/includes/modules/pages/product_info/main_template_vars.php) called at [/home/boscoyostudio/public_html/includes/templates/template_default/common/tpl_main_page.php:245]
#5  require(/home/boscoyostudio/public_html/includes/templates/template_default/common/tpl_main_page.php) called at [/home/boscoyostudio/public_html/index.php:101]

[23-Aug-2018 15:09:42 UTC] PHP Warning:  Use of undefined constant ATTRIBUTES_PRICE_FACTOR_FROM_SPECIAL - assumed 'ATTRIBUTES_PRICE_FACTOR_FROM_SPECIAL' (this will throw an Error in a future version of PHP) in /home/boscoyostudio/public_html/includes/functions/functions_prices.php on line 1018
[23-Aug-2018 15:09:42 UTC] Request URI: /index.php?main_page=product_info&cPath=2_48&products_id=133, IP address: 47.200.209.221
#1  zen_get_attributes_price_factor() called at [/home/boscoyostudio/public_html/includes/functions/functions_prices.php:1094]
#2  zen_get_attributes_price_final() called at [/home/boscoyostudio/public_html/includes/modules/attributes.php:125]
#3  require(/home/boscoyostudio/public_html/includes/modules/attributes.php) called at [/home/boscoyostudio/public_html/includes/modules/pages/product_info/main_template_vars.php:76]
#4  require(/home/boscoyostudio/public_html/includes/modules/pages/product_info/main_template_vars.php) called at [/home/boscoyostudio/public_html/includes/templates/template_default/common/tpl_main_page.php:245]
#5  require(/home/boscoyostudio/public_html/includes/templates/template_default/common/tpl_main_page.php) called at [/home/boscoyostudio/public_html/index.php:101]

[23-Aug-2018 15:09:42 UTC] PHP Warning:  Use of undefined constant ATTRIBUTES_PRICE_FACTOR_FROM_SPECIAL - assumed 'ATTRIBUTES_PRICE_FACTOR_FROM_SPECIAL' (this will throw an Error in a future version of PHP) in /home/boscoyostudio/public_html/includes/functions/functions_prices.php on line 1018
[23-Aug-2018 15:09:42 UTC] Request URI: /index.php?main_page=product_info&cPath=2_48&products_id=133, IP address: 47.200.209.221
#1  require(/home/boscoyostudio/public_html/includes/templates/avonlee_contempo/templates/tpl_modules_main_product_image.php) called at [/home/boscoyostudio/public_html/includes/templates/avonlee_contempo/templates/tpl_product_info_display.php:53]
#2  require(/home/boscoyostudio/public_html/includes/templates/avonlee_contempo/templates/tpl_product_info_display.php) called at [/home/boscoyostudio/public_html/includes/modules/pages/product_info/main_template_vars.php:178]
#3  require(/home/boscoyostudio/public_html/includes/modules/pages/product_info/main_template_vars.php) called at [/home/boscoyostudio/public_html/includes/templates/template_default/common/tpl_main_page.php:245]
#4  require(/home/boscoyostudio/public_html/includes/templates/template_default/common/tpl_main_page.php) called at [/home/boscoyostudio/public_html/index.php:101]

[23-Aug-2018 15:09:42 UTC] PHP Warning:  Use of undefined constant LARGE_IMAGE_WIDTH - assumed 'LARGE_IMAGE_WIDTH' (this will throw an Error in a future version of PHP) in /home/boscoyostudio/public_html/includes/templates/avonlee_contempo/templates/tpl_modules_main_product_image.php on line 23
[23-Aug-2018 15:09:42 UTC] Request URI: /index.php?main_page=product_info&cPath=2_48&products_id=133, IP address: 47.200.209.221
#1  require(/home/boscoyostudio/public_html/includes/templates/avonlee_contempo/templates/tpl_modules_main_product_image.php) called at [/home/boscoyostudio/public_html/includes/templates/avonlee_contempo/templates/tpl_product_info_display.php:53]
#2  require(/home/boscoyostudio/public_html/includes/templates/avonlee_contempo/templates/tpl_product_info_display.php) called at [/home/boscoyostudio/public_html/includes/modules/pages/product_info/main_template_vars.php:178]
#3  require(/home/boscoyostudio/public_html/includes/modules/pages/product_info/main_template_vars.php) called at [/home/boscoyostudio/public_html/includes/templates/template_default/common/tpl_main_page.php:245]
#4  require(/home/boscoyostudio/public_html/includes/templates/template_default/common/tpl_main_page.php) called at [/home/boscoyostudio/public_html/index.php:101]

[23-Aug-2018 15:09:42 UTC] PHP Warning:  Use of undefined constant LARGE_IMAGE_HEIGHT - assumed 'LARGE_IMAGE_HEIGHT' (this will throw an Error in a future version of PHP) in /home/boscoyostudio/public_html/includes/templates/avonlee_contempo/templates/tpl_modules_main_product_image.php on line 23
