[24-Aug-2018 04:45:20 UTC] Request URI: /index.php?main_page=product_info&cPath=2_6&products_id=37, IP address: 71.10.126.167
#1  navigationHistory->add_current_page() called at [/home/boscoyostudio/public_html/includes/autoload_func.php:87]
#2  require(/home/boscoyostudio/public_html/includes/autoload_func.php) called at [/home/boscoyostudio/public_html/includes/application_top.php:170]
#3  require(/home/boscoyostudio/public_html/includes/application_top.php) called at [/home/boscoyostudio/public_html/index.php:26]

[24-Aug-2018 04:45:20 UTC] PHP Warning:  Illegal string offset 'cPath' in /home/boscoyostudio/public_html/includes/classes/navigation_history.php on line 43
[24-Aug-2018 04:45:20 UTC] Request URI: /index.php?main_page=product_info&cPath=2_6&products_id=37, IP address: 71.10.126.167
#1  navigationHistory->add_current_page() called at [/home/boscoyostudio/public_html/includes/autoload_func.php:87]
#2  require(/home/boscoyostudio/public_html/includes/autoload_func.php) called at [/home/boscoyostudio/public_html/includes/application_top.php:170]
#3  require(/home/boscoyostudio/public_html/includes/application_top.php) called at [/home/boscoyostudio/public_html/index.php:26]

[24-Aug-2018 04:45:20 UTC] PHP Warning:  Illegal string offset 'products_id' in /home/boscoyostudio/public_html/includes/classes/navigation_history.php on line 43
[24-Aug-2018 04:45:20 UTC] Request URI: /index.php?main_page=product_info&cPath=2_6&products_id=37, IP address: 71.10.126.167
#1  require(/home/boscoyostudio/public_html/includes/init_includes/init_header.php) called at [/home/boscoyostudio/public_html/includes/autoload_func.php:48]
#2  require(/home/boscoyostudio/public_html/includes/autoload_func.php) called at [/home/boscoyostudio/public_html/includes/application_top.php:170]
#3  require(/home/boscoyostudio/public_html/includes/application_top.php) called at [/home/boscoyostudio/public_html/index.php:26]

[24-Aug-2018 04:45:20 UTC] PHP Warning:  Use of undefined constant MODULE_PAYMENT_PAYPAL_TESTING - assumed 'MODULE_PAYMENT_PAYPAL_TESTING' (this will throw an Error in a future version of PHP) in /home/boscoyostudio/public_html/includes/init_includes/init_header.php on line 27
[24-Aug-2018 04:45:20 UTC] Request URI: /index.php?main_page=product_info&cPath=2_6&products_id=37, IP address: 71.10.126.167
#1  require(/home/boscoyostudio/public_html/includes/templates/avonlee_contempo/templates/tpl_modules_main_product_image.php) called at [/home/boscoyostudio/public_html/includes/templates/avonlee_contempo/templates/tpl_product_info_display.php:53]
#2  require(/home/boscoyostudio/public_html/includes/templates/avonlee_contempo/templates/tpl_product_info_display.php) called at [/home/boscoyostudio/public_html/includes/modules/pages/product_info/main_template_vars.php:178]
#3  require(/home/boscoyostudio/public_html/includes/modules/pages/product_info/main_template_vars.php) called at [/home/boscoyostudio/public_html/includes/templates/template_default/common/tpl_main_page.php:245]
#4  require(/home/boscoyostudio/public_html/includes/templates/template_default/common/tpl_main_page.php) called at [/home/boscoyostudio/public_html/index.php:101]

[24-Aug-2018 04:45:20 UTC] PHP Warning:  Use of undefined constant LARGE_IMAGE_WIDTH - assumed 'LARGE_IMAGE_WIDTH' (this will throw an Error in a future version of PHP) in /home/boscoyostudio/public_html/includes/templates/avonlee_contempo/templates/tpl_modules_main_product_image.php on line 23
[24-Aug-2018 04:45:20 UTC] Request URI: /index.php?main_page=product_info&cPath=2_6&products_id=37, IP address: 71.10.126.167
#1  require(/home/boscoyostudio/public_html/includes/templates/avonlee_contempo/templates/tpl_modules_main_product_image.php) called at [/home/boscoyostudio/public_html/includes/templates/avonlee_contempo/templates/tpl_product_info_display.php:53]
#2  require(/home/boscoyostudio/public_html/includes/templates/avonlee_contempo/templates/tpl_product_info_display.php) called at [/home/boscoyostudio/public_html/includes/modules/pages/product_info/main_template_vars.php:178]
#3  require(/home/boscoyostudio/public_html/includes/modules/pages/product_info/main_template_vars.php) called at [/home/boscoyostudio/public_html/includes/templates/template_default/common/tpl_main_page.php:245]
#4  require(/home/boscoyostudio/public_html/includes/templates/template_default/common/tpl_main_page.php) called at [/home/boscoyostudio/public_html/index.php:101]

[24-Aug-2018 04:45:20 UTC] PHP Warning:  Use of undefined constant LARGE_IMAGE_HEIGHT - assumed 'LARGE_IMAGE_HEIGHT' (this will throw an Error in a future version of PHP) in /home/boscoyostudio/public_html/includes/templates/avonlee_contempo/templates/tpl_modules_main_product_image.php on line 23
[24-Aug-2018 04:45:20 UTC] Request URI: /index.php?main_page=product_info&cPath=2_6&products_id=37, IP address: 71.10.126.167
#1  require(/home/boscoyostudio/public_html/includes/modules/avonlee_contempo/additional_images.php) called at [/home/boscoyostudio/public_html/includes/templates/template_default/templates/tpl_modules_additional_images.php:13]
#2  require(/home/boscoyostudio/public_html/includes/templates/template_default/templates/tpl_modules_additional_images.php) called at [/home/boscoyostudio/public_html/includes/templates/avonlee_contempo/templates/tpl_product_info_display.php:183]
#3  require(/home/boscoyostudio/public_html/includes/templates/avonlee_contempo/templates/tpl_product_info_display.php) called at [/home/boscoyostudio/public_html/includes/modules/pages/product_info/main_template_vars.php:178]
#4  require(/home/boscoyostudio/public_html/includes/modules/pages/product_info/main_template_vars.php) called at [/home/boscoyostudio/public_html/includes/templates/template_default/common/tpl_main_page.php:245]
#5  require(/home/boscoyostudio/public_html/includes/templates/template_default/common/tpl_main_page.php) called at [/home/boscoyostudio/public_html/index.php:101]

[24-Aug-2018 04:45:20 UTC] PHP Warning:  Use of undefined constant LARGE_IMAGE_WIDTH - assumed 'LARGE_IMAGE_WIDTH' (this will throw an Error in a future version of PHP) in /home/boscoyostudio/public_html/includes/modules/avonlee_contempo/additional_images.php on line 87
[24-Aug-2018 04:45:20 UTC] Request URI: /index.php?main_page=product_info&cPath=2_6&products_id=37, IP address: 71.10.126.167
#1  require(/home/boscoyostudio/public_html/includes/modules/avonlee_contempo/additional_images.php) called at [/home/boscoyostudio/public_html/includes/templates/template_default/templates/tpl_modules_additional_images.php:13]
#2  require(/home/boscoyostudio/public_html/includes/templates/template_default/templates/tpl_modules_additional_images.php) called at [/home/boscoyostudio/public_html/includes/templates/avonlee_contempo/templates/tpl_product_info_display.php:183]
#3  require(/home/boscoyostudio/public_html/includes/templates/avonlee_contempo/templates/tpl_product_info_display.php) called at [/home/boscoyostudio/public_html/includes/modules/pages/product_info/main_template_vars.php:178]
#4  require(/home/boscoyostudio/public_html/includes/modules/pages/product_info/main_template_vars.php) called at [/home/boscoyostudio/public_html/includes/templates/template_default/common/tpl_main_page.php:245]
#5  require(/home/boscoyostudio/public_html/includes/templates/template_default/common/tpl_main_page.php) called at [/home/boscoyostudio/public_html/index.php:101]

[24-Aug-2018 04:45:20 UTC] PHP Warning:  Use of undefined constant LARGE_IMAGE_HEIGHT - assumed 'LARGE_IMAGE_HEIGHT' (this will throw an Error in a future version of PHP) in /home/boscoyostudio/public_html/includes/modules/avonlee_contempo/additional_images.php on line 87
[24-Aug-2018 04:45:20 UTC] Request URI: /index.php?main_page=product_info&cPath=2_6&products_id=37, IP address: 71.10.126.167
#1  require(/home/boscoyostudio/public_html/includes/modules/avonlee_contempo/additional_images.php) called at [/home/boscoyostudio/public_html/includes/templates/template_default/templates/tpl_modules_additional_images.php:13]
#2  require(/home/boscoyostudio/public_html/includes/templates/template_default/templates/tpl_modules_additional_images.php) called at [/home/boscoyostudio/public_html/includes/templates/avonlee_contempo/templates/tpl_product_info_display.php:183]
#3  require(/home/boscoyostudio/public_html/includes/templates/avonlee_contempo/templates/tpl_product_info_display.php) called at [/home/boscoyostudio/public_html/includes/modules/pages/product_info/main_template_vars.php:178]
#4  require(/home/boscoyostudio/public_html/includes/modules/pages/product_info/main_template_vars.php) called at [/home/boscoyostudio/public_html/includes/templates/template_default/common/tpl_main_page.php:245]
#5  require(/home/boscoyostudio/public_html/includes/templates/template_default/common/tpl_main_page.php) called at [/home/boscoyostudio/public_html/index.php:101]

[24-Aug-2018 04:45:20 UTC] PHP Warning:  Use of undefined constant LARGE_IMAGE_WIDTH - assumed 'LARGE_IMAGE_WIDTH' (this will throw an Error in a future version of PHP) in /home/boscoyostudio/public_html/includes/modules/avonlee_contempo/additional_images.php on line 118
[24-Aug-2018 04:45:20 UTC] Request URI: /index.php?main_page=product_info&cPath=2_6&products_id=37, IP address: 71.10.126.167
#1  require(/home/boscoyostudio/public_html/includes/modules/avonlee_contempo/additional_images.php) called at [/home/boscoyostudio/public_html/includes/templates/template_default/templates/tpl_modules_additional_images.php:13]
#2  require(/home/boscoyostudio/public_html/includes/templates/template_default/templates/tpl_modules_additional_images.php) called at [/home/boscoyostudio/public_html/includes/templates/avonlee_contempo/templates/tpl_product_info_display.php:183]
#3  require(/home/boscoyostudio/public_html/includes/templates/avonlee_contempo/templates/tpl_product_info_display.php) called at [/home/boscoyostudio/public_html/includes/modules/pages/product_info/main_template_vars.php:178]
#4  require(/home/boscoyostudio/public_html/includes/modules/pages/product_info/main_template_vars.php) called at [/home/boscoyostudio/public_html/includes/templates/template_default/common/tpl_main_page.php:245]
#5  require(/home/boscoyostudio/public_html/includes/templates/template_default/common/tpl_main_page.php) called at [/home/boscoyostudio/public_html/index.php:101]

[24-Aug-2018 04:45:20 UTC] PHP Warning:  Use of undefined constant LARGE_IMAGE_HEIGHT - assumed 'LARGE_IMAGE_HEIGHT' (this will throw an Error in a future version of PHP) in /home/boscoyostudio/public_html/includes/modules/avonlee_contempo/additional_images.php on line 118
[24-Aug-2018 04:45:20 UTC] PHP Fatal error:  Uncaught Error: Cannot use string offset as an array in /home/boscoyostudio/public_html/includes/modules/avonlee_contempo/additional_images.php:135
Stack trace:
#0 /home/boscoyostudio/public_html/includes/templates/template_default/templates/tpl_modules_additional_images.php(13): require()
#1 /home/boscoyostudio/public_html/includes/templates/avonlee_contempo/templates/tpl_product_info_display.php(183): require('/home/boscoyost...')
#2 /home/boscoyostudio/public_html/includes/modules/pages/product_info/main_template_vars.php(178): require('/home/boscoyost...')
#3 /home/boscoyostudio/public_html/includes/templates/template_default/common/tpl_main_page.php(245): require('/home/boscoyost...')
#4 /home/boscoyostudio/public_html/index.php(101): require('/home/boscoyost...')
#5 {main}
  thrown in /home/boscoyostudio/public_html/includes/modules/avonlee_contempo/additional_images.php on line 135
