[07-Jan-2019 00:06:47 UTC] Request URI: /new_admin/, IP address: 47.205.69.155
#1  mysqli_connect() called at [/home/newboscoyostudio/public_html/includes/classes/db/mysql/query_factory.php:64]
#2  queryFactory->connect() called at [/home/newboscoyostudio/public_html/new_admin/includes/init_includes/init_database.php:19]
#3  require(/home/newboscoyostudio/public_html/new_admin/includes/init_includes/init_database.php) called at [/home/newboscoyostudio/public_html/includes/autoload_func.php:48]
#4  require(/home/newboscoyostudio/public_html/includes/autoload_func.php) called at [/home/newboscoyostudio/public_html/new_admin/includes/application_top.php:171]
#5  require(/home/newboscoyostudio/public_html/new_admin/includes/application_top.php) called at [/home/newboscoyostudio/public_html/new_admin/index.php:10]

[07-Jan-2019 00:06:47 UTC] PHP Warning:  mysqli_connect(): (HY000/1045): Access denied for user 'boscoyostudio_zew'@'localhost' (using password: YES) in /home/newboscoyostudio/public_html/includes/classes/db/mysql/query_factory.php on line 64
[07-Jan-2019 00:06:47 UTC] Request URI: /new_admin/, IP address: 47.205.69.155
#1  mysqli_connect() called at [/home/newboscoyostudio/public_html/includes/classes/db/mysql/query_factory.php:64]
#2  queryFactory->connect() called at [/home/newboscoyostudio/public_html/new_admin/includes/init_includes/init_database.php:19]
#3  require(/home/newboscoyostudio/public_html/new_admin/includes/init_includes/init_database.php) called at [/home/newboscoyostudio/public_html/includes/autoload_func.php:48]
#4  require(/home/newboscoyostudio/public_html/includes/autoload_func.php) called at [/home/newboscoyostudio/public_html/new_admin/includes/application_top.php:171]
#5  require(/home/newboscoyostudio/public_html/new_admin/includes/application_top.php) called at [/home/newboscoyostudio/public_html/new_admin/index.php:10]

[07-Jan-2019 00:06:47 UTC] PHP Warning:  mysqli_connect(): (HY000/1045): Access denied for user 'boscoyostudio_zew'@'localhost' (using password: YES) in /home/newboscoyostudio/public_html/includes/classes/db/mysql/query_factory.php on line 64
[07-Jan-2019 00:06:47 UTC] Request URI: /new_admin/, IP address: 47.205.69.155
#1  mysqli_connect() called at [/home/newboscoyostudio/public_html/includes/classes/db/mysql/query_factory.php:64]
#2  queryFactory->connect() called at [/home/newboscoyostudio/public_html/new_admin/includes/init_includes/init_database.php:19]
#3  require(/home/newboscoyostudio/public_html/new_admin/includes/init_includes/init_database.php) called at [/home/newboscoyostudio/public_html/includes/autoload_func.php:48]
#4  require(/home/newboscoyostudio/public_html/includes/autoload_func.php) called at [/home/newboscoyostudio/public_html/new_admin/includes/application_top.php:171]
#5  require(/home/newboscoyostudio/public_html/new_admin/includes/application_top.php) called at [/home/newboscoyostudio/public_html/new_admin/index.php:10]

[07-Jan-2019 00:06:47 UTC] PHP Warning:  mysqli_connect(): (HY000/1045): Access denied for user 'boscoyostudio_zew'@'localhost' (using password: YES) in /home/newboscoyostudio/public_html/includes/classes/db/mysql/query_factory.php on line 64
[07-Jan-2019 00:06:47 UTC] Request URI: /new_admin/, IP address: 47.205.69.155
#1  mysqli_connect() called at [/home/newboscoyostudio/public_html/includes/classes/db/mysql/query_factory.php:64]
#2  queryFactory->connect() called at [/home/newboscoyostudio/public_html/new_admin/includes/init_includes/init_database.php:19]
#3  require(/home/newboscoyostudio/public_html/new_admin/includes/init_includes/init_database.php) called at [/home/newboscoyostudio/public_html/includes/autoload_func.php:48]
#4  require(/home/newboscoyostudio/public_html/includes/autoload_func.php) called at [/home/newboscoyostudio/public_html/new_admin/includes/application_top.php:171]
#5  require(/home/newboscoyostudio/public_html/new_admin/includes/application_top.php) called at [/home/newboscoyostudio/public_html/new_admin/index.php:10]

[07-Jan-2019 00:06:47 UTC] PHP Warning:  mysqli_connect(): (HY000/1045): Access denied for user 'boscoyostudio_zew'@'localhost' (using password: YES) in /home/newboscoyostudio/public_html/includes/classes/db/mysql/query_factory.php on line 64
[07-Jan-2019 00:06:47 UTC] Request URI: /new_admin/, IP address: 47.205.69.155
#1  mysqli_connect() called at [/home/newboscoyostudio/public_html/includes/classes/db/mysql/query_factory.php:64]
#2  queryFactory->connect() called at [/home/newboscoyostudio/public_html/new_admin/includes/init_includes/init_database.php:19]
#3  require(/home/newboscoyostudio/public_html/new_admin/includes/init_includes/init_database.php) called at [/home/newboscoyostudio/public_html/includes/autoload_func.php:48]
#4  require(/home/newboscoyostudio/public_html/includes/autoload_func.php) called at [/home/newboscoyostudio/public_html/new_admin/includes/application_top.php:171]
#5  require(/home/newboscoyostudio/public_html/new_admin/includes/application_top.php) called at [/home/newboscoyostudio/public_html/new_admin/index.php:10]

[07-Jan-2019 00:06:47 UTC] PHP Warning:  mysqli_connect(): (HY000/1045): Access denied for user 'boscoyostudio_zew'@'localhost' (using password: YES) in /home/newboscoyostudio/public_html/includes/classes/db/mysql/query_factory.php on line 64
[07-Jan-2019 00:06:47 UTC] Request URI: /new_admin/, IP address: 47.205.69.155
#1  mysqli_connect() called at [/home/newboscoyostudio/public_html/includes/classes/db/mysql/query_factory.php:64]
#2  queryFactory->connect() called at [/home/newboscoyostudio/public_html/new_admin/includes/init_includes/init_database.php:19]
#3  require(/home/newboscoyostudio/public_html/new_admin/includes/init_includes/init_database.php) called at [/home/newboscoyostudio/public_html/includes/autoload_func.php:48]
#4  require(/home/newboscoyostudio/public_html/includes/autoload_func.php) called at [/home/newboscoyostudio/public_html/new_admin/includes/application_top.php:171]
#5  require(/home/newboscoyostudio/public_html/new_admin/includes/application_top.php) called at [/home/newboscoyostudio/public_html/new_admin/index.php:10]

[07-Jan-2019 00:06:47 UTC] PHP Warning:  mysqli_connect(): (HY000/1045): Access denied for user 'boscoyostudio_zew'@'localhost' (using password: YES) in /home/newboscoyostudio/public_html/includes/classes/db/mysql/query_factory.php on line 64
[07-Jan-2019 00:06:47 UTC] Request URI: /new_admin/, IP address: 47.205.69.155
#1  mysqli_connect() called at [/home/newboscoyostudio/public_html/includes/classes/db/mysql/query_factory.php:64]
#2  queryFactory->connect() called at [/home/newboscoyostudio/public_html/new_admin/includes/init_includes/init_database.php:19]
#3  require(/home/newboscoyostudio/public_html/new_admin/includes/init_includes/init_database.php) called at [/home/newboscoyostudio/public_html/includes/autoload_func.php:48]
#4  require(/home/newboscoyostudio/public_html/includes/autoload_func.php) called at [/home/newboscoyostudio/public_html/new_admin/includes/application_top.php:171]
#5  require(/home/newboscoyostudio/public_html/new_admin/includes/application_top.php) called at [/home/newboscoyostudio/public_html/new_admin/index.php:10]

[07-Jan-2019 00:06:47 UTC] PHP Warning:  mysqli_connect(): (HY000/1045): Access denied for user 'boscoyostudio_zew'@'localhost' (using password: YES) in /home/newboscoyostudio/public_html/includes/classes/db/mysql/query_factory.php on line 64
[07-Jan-2019 00:06:47 UTC] Request URI: /new_admin/, IP address: 47.205.69.155
#1  mysqli_connect() called at [/home/newboscoyostudio/public_html/includes/classes/db/mysql/query_factory.php:64]
#2  queryFactory->connect() called at [/home/newboscoyostudio/public_html/new_admin/includes/init_includes/init_database.php:19]
#3  require(/home/newboscoyostudio/public_html/new_admin/includes/init_includes/init_database.php) called at [/home/newboscoyostudio/public_html/includes/autoload_func.php:48]
#4  require(/home/newboscoyostudio/public_html/includes/autoload_func.php) called at [/home/newboscoyostudio/public_html/new_admin/includes/application_top.php:171]
#5  require(/home/newboscoyostudio/public_html/new_admin/includes/application_top.php) called at [/home/newboscoyostudio/public_html/new_admin/index.php:10]

[07-Jan-2019 00:06:47 UTC] PHP Warning:  mysqli_connect(): (HY000/1045): Access denied for user 'boscoyostudio_zew'@'localhost' (using password: YES) in /home/newboscoyostudio/public_html/includes/classes/db/mysql/query_factory.php on line 64
[07-Jan-2019 00:06:47 UTC] Request URI: /new_admin/, IP address: 47.205.69.155
#1  mysqli_connect() called at [/home/newboscoyostudio/public_html/includes/classes/db/mysql/query_factory.php:64]
#2  queryFactory->connect() called at [/home/newboscoyostudio/public_html/new_admin/includes/init_includes/init_database.php:19]
#3  require(/home/newboscoyostudio/public_html/new_admin/includes/init_includes/init_database.php) called at [/home/newboscoyostudio/public_html/includes/autoload_func.php:48]
#4  require(/home/newboscoyostudio/public_html/includes/autoload_func.php) called at [/home/newboscoyostudio/public_html/new_admin/includes/application_top.php:171]
#5  require(/home/newboscoyostudio/public_html/new_admin/includes/application_top.php) called at [/home/newboscoyostudio/public_html/new_admin/index.php:10]

[07-Jan-2019 00:06:47 UTC] PHP Warning:  mysqli_connect(): (HY000/1045): Access denied for user 'boscoyostudio_zew'@'localhost' (using password: YES) in /home/newboscoyostudio/public_html/includes/classes/db/mysql/query_factory.php on line 64
[07-Jan-2019 00:06:47 UTC] Request URI: /new_admin/, IP address: 47.205.69.155
#1  mysqli_connect() called at [/home/newboscoyostudio/public_html/includes/classes/db/mysql/query_factory.php:64]
#2  queryFactory->connect() called at [/home/newboscoyostudio/public_html/new_admin/includes/init_includes/init_database.php:19]
#3  require(/home/newboscoyostudio/public_html/new_admin/includes/init_includes/init_database.php) called at [/home/newboscoyostudio/public_html/includes/autoload_func.php:48]
#4  require(/home/newboscoyostudio/public_html/includes/autoload_func.php) called at [/home/newboscoyostudio/public_html/new_admin/includes/application_top.php:171]
#5  require(/home/newboscoyostudio/public_html/new_admin/includes/application_top.php) called at [/home/newboscoyostudio/public_html/new_admin/index.php:10]

[07-Jan-2019 00:06:47 UTC] PHP Warning:  mysqli_connect(): (HY000/1045): Access denied for user 'boscoyostudio_zew'@'localhost' (using password: YES) in /home/newboscoyostudio/public_html/includes/classes/db/mysql/query_factory.php on line 64
