[24-Aug-2018 04:46:01 UTC] Request URI: /index.php?main_page=index&cPath=2_31&sort=20a&page=2, IP address: 69.47.158.197
#1  navigationHistory->add_current_page() called at [/home/boscoyostudio/public_html/includes/autoload_func.php:87]
#2  require(/home/boscoyostudio/public_html/includes/autoload_func.php) called at [/home/boscoyostudio/public_html/includes/application_top.php:170]
#3  require(/home/boscoyostudio/public_html/includes/application_top.php) called at [/home/boscoyostudio/public_html/index.php:26]

[24-Aug-2018 04:46:01 UTC] PHP Warning:  Illegal string offset 'cPath' in /home/boscoyostudio/public_html/includes/classes/navigation_history.php on line 43
[24-Aug-2018 04:46:01 UTC] Request URI: /index.php?main_page=index&cPath=2_31&sort=20a&page=2, IP address: 69.47.158.197
#1  navigationHistory->add_current_page() called at [/home/boscoyostudio/public_html/includes/autoload_func.php:87]
#2  require(/home/boscoyostudio/public_html/includes/autoload_func.php) called at [/home/boscoyostudio/public_html/includes/application_top.php:170]
#3  require(/home/boscoyostudio/public_html/includes/application_top.php) called at [/home/boscoyostudio/public_html/index.php:26]

[24-Aug-2018 04:46:01 UTC] PHP Warning:  Illegal string offset 'sort' in /home/boscoyostudio/public_html/includes/classes/navigation_history.php on line 43
[24-Aug-2018 04:46:01 UTC] Request URI: /index.php?main_page=index&cPath=2_31&sort=20a&page=2, IP address: 69.47.158.197
#1  navigationHistory->add_current_page() called at [/home/boscoyostudio/public_html/includes/autoload_func.php:87]
#2  require(/home/boscoyostudio/public_html/includes/autoload_func.php) called at [/home/boscoyostudio/public_html/includes/application_top.php:170]
#3  require(/home/boscoyostudio/public_html/includes/application_top.php) called at [/home/boscoyostudio/public_html/index.php:26]

[24-Aug-2018 04:46:01 UTC] PHP Warning:  Illegal string offset 'page' in /home/boscoyostudio/public_html/includes/classes/navigation_history.php on line 43
[24-Aug-2018 04:46:01 UTC] Request URI: /index.php?main_page=index&cPath=2_31&sort=20a&page=2, IP address: 69.47.158.197
#1  require(/home/boscoyostudio/public_html/includes/init_includes/init_header.php) called at [/home/boscoyostudio/public_html/includes/autoload_func.php:48]
#2  require(/home/boscoyostudio/public_html/includes/autoload_func.php) called at [/home/boscoyostudio/public_html/includes/application_top.php:170]
#3  require(/home/boscoyostudio/public_html/includes/application_top.php) called at [/home/boscoyostudio/public_html/index.php:26]

[24-Aug-2018 04:46:01 UTC] PHP Warning:  Use of undefined constant MODULE_PAYMENT_PAYPAL_TESTING - assumed 'MODULE_PAYMENT_PAYPAL_TESTING' (this will throw an Error in a future version of PHP) in /home/boscoyostudio/public_html/includes/init_includes/init_header.php on line 27
