[24-Aug-2018 05:40:05 UTC] Request URI: /index.php?main_page=advanced_search_result&search_in_description=1&keyword=Chromaflake&inc_subcat=0&sort=20a&page=1, IP address: 73.20.61.20
#1  navigationHistory->add_current_page() called at [/home/boscoyostudio/public_html/includes/autoload_func.php:87]
#2  require(/home/boscoyostudio/public_html/includes/autoload_func.php) called at [/home/boscoyostudio/public_html/includes/application_top.php:170]
#3  require(/home/boscoyostudio/public_html/includes/application_top.php) called at [/home/boscoyostudio/public_html/index.php:26]

[24-Aug-2018 05:40:05 UTC] PHP Warning:  Illegal string offset 'search_in_description' in /home/boscoyostudio/public_html/includes/classes/navigation_history.php on line 43
[24-Aug-2018 05:40:05 UTC] Request URI: /index.php?main_page=advanced_search_result&search_in_description=1&keyword=Chromaflake&inc_subcat=0&sort=20a&page=1, IP address: 73.20.61.20
#1  navigationHistory->add_current_page() called at [/home/boscoyostudio/public_html/includes/autoload_func.php:87]
#2  require(/home/boscoyostudio/public_html/includes/autoload_func.php) called at [/home/boscoyostudio/public_html/includes/application_top.php:170]
#3  require(/home/boscoyostudio/public_html/includes/application_top.php) called at [/home/boscoyostudio/public_html/index.php:26]

[24-Aug-2018 05:40:05 UTC] PHP Warning:  Illegal string offset 'keyword' in /home/boscoyostudio/public_html/includes/classes/navigation_history.php on line 43
[24-Aug-2018 05:40:05 UTC] Request URI: /index.php?main_page=advanced_search_result&search_in_description=1&keyword=Chromaflake&inc_subcat=0&sort=20a&page=1, IP address: 73.20.61.20
#1  navigationHistory->add_current_page() called at [/home/boscoyostudio/public_html/includes/autoload_func.php:87]
#2  require(/home/boscoyostudio/public_html/includes/autoload_func.php) called at [/home/boscoyostudio/public_html/includes/application_top.php:170]
#3  require(/home/boscoyostudio/public_html/includes/application_top.php) called at [/home/boscoyostudio/public_html/index.php:26]

[24-Aug-2018 05:40:05 UTC] PHP Warning:  Illegal string offset 'inc_subcat' in /home/boscoyostudio/public_html/includes/classes/navigation_history.php on line 43
[24-Aug-2018 05:40:05 UTC] Request URI: /index.php?main_page=advanced_search_result&search_in_description=1&keyword=Chromaflake&inc_subcat=0&sort=20a&page=1, IP address: 73.20.61.20
#1  navigationHistory->add_current_page() called at [/home/boscoyostudio/public_html/includes/autoload_func.php:87]
#2  require(/home/boscoyostudio/public_html/includes/autoload_func.php) called at [/home/boscoyostudio/public_html/includes/application_top.php:170]
#3  require(/home/boscoyostudio/public_html/includes/application_top.php) called at [/home/boscoyostudio/public_html/index.php:26]

[24-Aug-2018 05:40:05 UTC] PHP Warning:  Illegal string offset 'sort' in /home/boscoyostudio/public_html/includes/classes/navigation_history.php on line 43
[24-Aug-2018 05:40:05 UTC] Request URI: /index.php?main_page=advanced_search_result&search_in_description=1&keyword=Chromaflake&inc_subcat=0&sort=20a&page=1, IP address: 73.20.61.20
#1  navigationHistory->add_current_page() called at [/home/boscoyostudio/public_html/includes/autoload_func.php:87]
#2  require(/home/boscoyostudio/public_html/includes/autoload_func.php) called at [/home/boscoyostudio/public_html/includes/application_top.php:170]
#3  require(/home/boscoyostudio/public_html/includes/application_top.php) called at [/home/boscoyostudio/public_html/index.php:26]

[24-Aug-2018 05:40:05 UTC] PHP Warning:  Illegal string offset 'page' in /home/boscoyostudio/public_html/includes/classes/navigation_history.php on line 43
[24-Aug-2018 05:40:05 UTC] Request URI: /index.php?main_page=advanced_search_result&search_in_description=1&keyword=Chromaflake&inc_subcat=0&sort=20a&page=1, IP address: 73.20.61.20
#1  require(/home/boscoyostudio/public_html/includes/init_includes/init_header.php) called at [/home/boscoyostudio/public_html/includes/autoload_func.php:48]
#2  require(/home/boscoyostudio/public_html/includes/autoload_func.php) called at [/home/boscoyostudio/public_html/includes/application_top.php:170]
#3  require(/home/boscoyostudio/public_html/includes/application_top.php) called at [/home/boscoyostudio/public_html/index.php:26]

[24-Aug-2018 05:40:05 UTC] PHP Warning:  Use of undefined constant MODULE_PAYMENT_PAYPAL_TESTING - assumed 'MODULE_PAYMENT_PAYPAL_TESTING' (this will throw an Error in a future version of PHP) in /home/boscoyostudio/public_html/includes/init_includes/init_header.php on line 27
